<?xml version="1.0" encoding="UTF-8"?>
<testsuite xmlns:xsi="http://www.w3.org/2001/XMLSchema-instance" xsi:noNamespaceSchemaLocation="https://maven.apache.org/surefire/maven-surefire-plugin/xsd/surefire-test-report.xsd" name="com.example.myproject.main.AppTest" time="0.034" tests="1" errors="0" skipped="0" failures="0">
  <properties>
    <property name="sun.desktop" value="windows"/>
    <property name="awt.toolkit" value="sun.awt.windows.WToolkit"/>
    <property name="file.encoding.pkg" value="sun.io"/>
    <property name="java.specification.version" value="1.8"/>
    <property name="sun.cpu.isalist" value="amd64"/>
    <property name="sun.jnu.encoding" value="MS932"/>
    <property name="java.class.path" value="C:\workspace\trial\myproject\myproject-main\target\test-classes;C:\workspace\trial\myproject\myproject-main\target\classes;C:\maven\repository\junit\junit\4.11\junit-4.11.jar;C:\maven\repository\org\hamcrest\hamcrest-core\1.3\hamcrest-core-1.3.jar;"/>
    <property name="java.vm.vendor" value="Oracle Corporation"/>
    <property name="sun.arch.data.model" value="64"/>
    <property name="user.variant" value=""/>
    <property name="java.vendor.url" value="http://java.oracle.com/"/>
    <property name="user.timezone" value=""/>
    <property name="java.vm.specification.version" value="1.8"/>
    <property name="os.name" value="Windows 10"/>
    <property name="user.country" value="JP"/>
    <property name="sun.java.launcher" value="SUN_STANDARD"/>
    <property name="sun.boot.library.path" value="C:\java\jdk1.8.0_144\jre\bin"/>
    <property name="sun.java.command" value="C:\msys64\tmp\surefire8894613504533500438\surefirebooter877366547278939555.jar C:\msys64\tmp\surefire8894613504533500438 2018-08-26T21-36-38_503-jvmRun1 surefire1275573715775753928tmp surefire_18680597382273650578tmp"/>
    <property name="surefire.test.class.path" value="C:\workspace\trial\myproject\myproject-main\target\test-classes;C:\workspace\trial\myproject\myproject-main\target\classes;C:\maven\repository\junit\junit\4.11\junit-4.11.jar;C:\maven\repository\org\hamcrest\hamcrest-core\1.3\hamcrest-core-1.3.jar;"/>
    <property name="sun.cpu.endian" value="little"/>
    <property name="user.home" value="C:\Users\User"/>
    <property name="user.language" value="ja"/>
    <property name="java.specification.vendor" value="Oracle Corporation"/>
    <property name="java.home" value="C:\java\jdk1.8.0_144\jre"/>
    <property name="basedir" value="C:\workspace\trial\myproject\myproject-main"/>
    <property name="file.separator" value="\"/>
    <property name="line.separator" value="&#10;"/>
    <property name="java.vm.specification.vendor" value="Oracle Corporation"/>
    <property name="java.specification.name" value="Java Platform API Specification"/>
    <property name="java.awt.graphicsenv" value="sun.awt.Win32GraphicsEnvironment"/>
    <property name="surefire.real.class.path" value="C:\msys64\tmp\surefire8894613504533500438\surefirebooter877366547278939555.jar"/>
    <property name="sun.boot.class.path" value="C:\java\jdk1.8.0_144\jre\lib\resources.jar;C:\java\jdk1.8.0_144\jre\lib\rt.jar;C:\java\jdk1.8.0_144\jre\lib\sunrsasign.jar;C:\java\jdk1.8.0_144\jre\lib\jsse.jar;C:\java\jdk1.8.0_144\jre\lib\jce.jar;C:\java\jdk1.8.0_144\jre\lib\charsets.jar;C:\java\jdk1.8.0_144\jre\lib\jfr.jar;C:\java\jdk1.8.0_144\jre\classes"/>
    <property name="user.script" value=""/>
    <property name="sun.management.compiler" value="HotSpot 64-Bit Tiered Compilers"/>
    <property name="java.runtime.version" value="1.8.0_144-b01"/>
    <property name="user.name" value="User"/>
    <property name="path.separator" value=";"/>
    <property name="os.version" value="10.0"/>
    <property name="java.endorsed.dirs" value="C:\java\jdk1.8.0_144\jre\lib\endorsed"/>
    <property name="java.runtime.name" value="Java(TM) SE Runtime Environment"/>
    <property name="file.encoding" value="MS932"/>
    <property name="java.vm.name" value="Java HotSpot(TM) 64-Bit Server VM"/>
    <property name="localRepository" value="C:\maven\repository"/>
    <property name="java.vendor.url.bug" value="http://bugreport.sun.com/bugreport/"/>
    <property name="java.io.tmpdir" value="C:\msys64\tmp\"/>
    <property name="java.version" value="1.8.0_144"/>
    <property name="user.dir" value="C:\workspace\trial\myproject\myproject-main"/>
    <property name="os.arch" value="amd64"/>
    <property name="java.vm.specification.name" value="Java Virtual Machine Specification"/>
    <property name="java.awt.printerjob" value="sun.awt.windows.WPrinterJob"/>
    <property name="sun.os.patch.level" value=""/>
    <property name="java.library.path" value="C:\java\jdk1.8.0_144\jre\bin;C:\WINDOWS\Sun\Java\bin;C:\WINDOWS\system32;C:\WINDOWS;C:\msys64\usr\local\bin;C:\msys64\usr\bin;C:\msys64\usr\bin;C:\msys64\opt\bin;C:\Windows\System32;C:\Windows;C:\Windows\System32\Wbem;C:\Windows\System32\WindowsPowerShell\v1.0\;C:\msys64\opt\apache-maven-3.5.2\bin;C:\java\jdk1.8.0_144\bin;."/>
    <property name="java.vm.info" value="mixed mode"/>
    <property name="java.vendor" value="Oracle Corporation"/>
    <property name="java.vm.version" value="25.144-b01"/>
    <property name="java.ext.dirs" value="C:\java\jdk1.8.0_144\jre\lib\ext;C:\WINDOWS\Sun\Java\lib\ext"/>
    <property name="sun.io.unicode.encoding" value="UnicodeLittle"/>
    <property name="java.class.version" value="52.0"/>
  </properties>
  <testcase name="shouldAnswerWithTrue" classname="com.example.myproject.main.AppTest" time="0.001"/>
</testsuite>